Performing C SOURCE FILE Test CMAKE_HAVE_LIBC_PTHREAD failed with the following output:
Change Dir: /home/anast/MAGA/Архитектура/OS-architecture/build/CMakeFiles/CMakeTmp

Run Build Command(s):/usr/bin/make -f Makefile cmTC_57ee3/fast && /usr/bin/make  -f CMakeFiles/cmTC_57ee3.dir/build.make CMakeFiles/cmTC_57ee3.dir/build
make[1]: вход в каталог «/home/anast/MAGA/Архитектура/OS-architecture/build/CMakeFiles/CMakeTmp»
Building C object CMakeFiles/cmTC_57ee3.dir/src.c.o
/usr/bin/gcc -DCMAKE_HAVE_LIBC_PTHREAD   -o CMakeFiles/cmTC_57ee3.dir/src.c.o -c /home/anast/MAGA/Архитектура/OS-architecture/build/CMakeFiles/CMakeTmp/src.c
Linking C executable cmTC_57ee3
/usr/local/bin/cmake -E cmake_link_script CMakeFiles/cmTC_57ee3.dir/link.txt --verbose=1
/usr/bin/gcc -rdynamic CMakeFiles/cmTC_57ee3.dir/src.c.o -o cmTC_57ee3 
CMakeFiles/cmTC_57ee3.dir/src.c.o: In function `main':
src.c:(.text+0x3e): undefined reference to `pthread_create'
src.c:(.text+0x4a): undefined reference to `pthread_detach'
src.c:(.text+0x56): undefined reference to `pthread_cancel'
src.c:(.text+0x67): undefined reference to `pthread_join'
src.c:(.text+0x7b): undefined reference to `pthread_atfork'
collect2: error: ld returned 1 exit status
CMakeFiles/cmTC_57ee3.dir/build.make:98: recipe for target 'cmTC_57ee3' failed
make[1]: *** [cmTC_57ee3] Error 1
make[1]: выход из каталога «/home/anast/MAGA/Архитектура/OS-architecture/build/CMakeFiles/CMakeTmp»
Makefile:127: recipe for target 'cmTC_57ee3/fast' failed
make: *** [cmTC_57ee3/fast] Error 2


Source file was:
#include <pthread.h>

static void* test_func(void* data)
{
  return data;
}

int main(void)
{
  pthread_t thread;
  pthread_create(&thread, NULL, test_func, NULL);
  pthread_detach(thread);
  pthread_cancel(thread);
  pthread_join(thread, NULL);
  pthread_atfork(NULL, NULL, NULL);
  pthread_exit(NULL);

  return 0;
}

Determining if the function pthread_create exists in the pthreads failed with the following output:
Change Dir: /home/anast/MAGA/Архитектура/OS-architecture/build/CMakeFiles/CMakeTmp

Run Build Command(s):/usr/bin/make -f Makefile cmTC_fa294/fast && /usr/bin/make  -f CMakeFiles/cmTC_fa294.dir/build.make CMakeFiles/cmTC_fa294.dir/build
make[1]: вход в каталог «/home/anast/MAGA/Архитектура/OS-architecture/build/CMakeFiles/CMakeTmp»
Building C object CMakeFiles/cmTC_fa294.dir/CheckFunctionExists.c.o
/usr/bin/gcc   -DCHECK_FUNCTION_EXISTS=pthread_create -o CMakeFiles/cmTC_fa294.dir/CheckFunctionExists.c.o -c /usr/local/share/cmake-3.20/Modules/CheckFunctionExists.c
Linking C executable cmTC_fa294
/usr/local/bin/cmake -E cmake_link_script CMakeFiles/cmTC_fa294.dir/link.txt --verbose=1
/usr/bin/gcc  -DCHECK_FUNCTION_EXISTS=pthread_create -rdynamic CMakeFiles/cmTC_fa294.dir/CheckFunctionExists.c.o -o cmTC_fa294  -lpthreads 
/usr/bin/ld: cannot find -lpthreads
collect2: error: ld returned 1 exit status
CMakeFiles/cmTC_fa294.dir/build.make:98: recipe for target 'cmTC_fa294' failed
make[1]: *** [cmTC_fa294] Error 1
make[1]: выход из каталога «/home/anast/MAGA/Архитектура/OS-architecture/build/CMakeFiles/CMakeTmp»
Makefile:127: recipe for target 'cmTC_fa294/fast' failed
make: *** [cmTC_fa294/fast] Error 2



